<?xml version="1.0" encoding="UTF-8"?>
<!-- Generated by org.testng.reporters.JUnitXMLReporter -->
<testsuite ignored="0" hostname="DESKTOP-8HHL4FU" failures="0" tests="3" name="Default test" time="27.159" errors="0" timestamp="09 Nov 2023 22:51:28 GMT">
  <testcase classname="com.example.BookVelTest" name="BHcheck" time="9.898"/>
  <testcase classname="com.example.BookVelTest" name="KSAcheck" time="7.313"/>
  <testcase classname="com.example.BookVelTest" name="KWcheck" time="7.349"/>
</testsuite> <!-- Default test -->
