<?xml version="1.0" encoding="UTF-8"?>
<testng-results ignored="0" total="3" passed="3" failed="0" skipped="0">
  <reporter-output>
  </reporter-output>
  <suite started-at="2023-11-09T22:51:01Z" name="Default suite" finished-at="2023-11-09T22:51:28Z" duration-ms="27159">
    <groups>
    </groups>
    <test started-at="2023-11-09T22:51:01Z" name="Default test" finished-at="2023-11-09T22:51:28Z" duration-ms="27159">
      <class name="com.example.BookVelTest">
        <test-method is-config="true" signature="beforeMethod()[pri:0, instance:com.example.BookVelTest@2af004b]" started-at="2023-11-10T01:51:01Z" name="beforeMethod" finished-at="2023-11-10T01:51:02Z" duration-ms="919" status="PASS">
          <reporter-output>
          </reporter-output>
        </test-method> <!-- beforeMethod -->
        <test-method signature="BHcheck()[pri:0, instance:com.example.BookVelTest@2af004b]" started-at="2023-11-10T01:51:02Z" name="BHcheck" finished-at="2023-11-10T01:51:12Z" duration-ms="9898" status="PASS">
          <reporter-output>
          </reporter-output>
        </test-method> <!-- BHcheck -->
        <test-method is-config="true" signature="afterMethod()[pri:0, instance:com.example.BookVelTest@2af004b]" started-at="2023-11-10T01:51:12Z" name="afterMethod" finished-at="2023-11-10T01:51:12Z" duration-ms="121" status="PASS">
          <reporter-output>
          </reporter-output>
        </test-method> <!-- afterMethod -->
        <test-method is-config="true" signature="beforeMethod()[pri:0, instance:com.example.BookVelTest@2af004b]" started-at="2023-11-10T01:51:12Z" name="beforeMethod" finished-at="2023-11-10T01:51:13Z" duration-ms="626" status="PASS">
          <reporter-output>
          </reporter-output>
        </test-method> <!-- beforeMethod -->
        <test-method signature="KSAcheck()[pri:0, instance:com.example.BookVelTest@2af004b]" started-at="2023-11-10T01:51:13Z" name="KSAcheck" finished-at="2023-11-10T01:51:20Z" duration-ms="7313" status="PASS">
          <reporter-output>
          </reporter-output>
        </test-method> <!-- KSAcheck -->
        <test-method is-config="true" signature="afterMethod()[pri:0, instance:com.example.BookVelTest@2af004b]" started-at="2023-11-10T01:51:20Z" name="afterMethod" finished-at="2023-11-10T01:51:20Z" duration-ms="123" status="PASS">
          <reporter-output>
          </reporter-output>
        </test-method> <!-- afterMethod -->
        <test-method is-config="true" signature="beforeMethod()[pri:0, instance:com.example.BookVelTest@2af004b]" started-at="2023-11-10T01:51:20Z" name="beforeMethod" finished-at="2023-11-10T01:51:21Z" duration-ms="655" status="PASS">
          <reporter-output>
          </reporter-output>
        </test-method> <!-- beforeMethod -->
        <test-method signature="KWcheck()[pri:0, instance:com.example.BookVelTest@2af004b]" started-at="2023-11-10T01:51:21Z" name="KWcheck" finished-at="2023-11-10T01:51:28Z" duration-ms="7349" status="PASS">
          <reporter-output>
          </reporter-output>
        </test-method> <!-- KWcheck -->
        <test-method is-config="true" signature="afterMethod()[pri:0, instance:com.example.BookVelTest@2af004b]" started-at="2023-11-10T01:51:28Z" name="afterMethod" finished-at="2023-11-10T01:51:28Z" duration-ms="135" status="PASS">
          <reporter-output>
          </reporter-output>
        </test-method> <!-- afterMethod -->
      </class> <!-- com.example.BookVelTest -->
    </test> <!-- Default test -->
  </suite> <!-- Default suite -->
</testng-results>
